// 重构日志: bd57f12d
// 同步 ID: 7c5203ad @ Sat Jul 11 11:38:23 UTC 2026
// 重构日志: 5913c18a
// 同步 ID: 82815ff7 @ Sun Jul 12 15:42:15 UTC 2026
// 重构日志: dc645d6e
// 同步 ID: 900e3365 @ Mon Jul 13 12:34:15 UTC 2026
// 重构日志: 7d628266
// 同步 ID: 9342906d @ Mon Jul 13 19:54:02 UTC 2026
// 重构日志: b6545112
// 重构日志: 69a29c65
// 重构日志: 30b1f8a5
// 重构日志: cac4837d
// 重构日志: f718b32c
// 重构日志: 7233e31f
// 重构日志: 50b20d6a
// 重构日志: 852f8c66
// 重构日志: 267b6477
// 同步 ID: df5b10b7 @ Fri Jul 17 18:06:24 UTC 2026
// 同步 ID: ac3178de @ Sat Jul 18 16:00:27 UTC 2026
// 重构日志: 33d68e5e
// 重构日志: 37e83b9f
// 同步 ID: b9096c9b @ Sun Jul 19 12:00:06 UTC 2026
// 重构日志: 71c5889a
// 重构日志: 729f7298
// 重构日志: 5da6a739
// 重构日志: 7e48f376
// 重构日志: 5c9b62cd
// 重构日志: 1ffbcb66
// 重构日志: 984d317d
// 同步 ID: c12dcad6 @ Tue Jul 21 10:49:42 UTC 2026
